<?xml version="1.0" encoding="UTF-8"?>
<!-- Generated by org.testng.reporters.JUnitXMLReporter -->
<testsuite hostname="DESKTOP-21J1A4V" ignored="1" name="Default test" tests="4" failures="0" timestamp="08 Feb 2023 08:00:46 GMT" time="0.14" errors="0">
  <testcase name="Login" time="0.032" classname="org.mur.AnnotationsTest"/>
  <testcase name="SearchHotel" time="0.0" classname="org.mur.AnnotationsTest"/>
  <testcase name="BookHotel" time="0.0" classname="org.mur.AnnotationsTest"/>
  <testcase name="BookingConfirmation" time="0.015" classname="org.mur.AnnotationsTest"/>
  <testcase name="SelectHotel" time="0.0" classname="org.mur.AnnotationsTest">
    <ignored/>
  </testcase> <!-- SelectHotel -->
</testsuite> <!-- Default test -->
